<?xml version="1.0" encoding="UTF-8"?>
<!-- Generated by org.testng.reporters.JUnitReportReporter -->
<testsuite skipped="0" hostname="sprust15" name="casestudy1.Framework1.TC05" tests="1" failures="0" timestamp="2020-08-10T13:55:14 IST" time="115.935" errors="0">
  <testcase name="hybridTest" time="115.935" classname="casestudy1.Framework1.TC05"/>
  <system-out/>
</testsuite> <!-- casestudy1.Framework1.TC05 -->
